\BOOKMARK [1][-]{section.1}{\376\377\000I\000n\000t\000r\000o\000d\000u\000c\000t\000i\000o\000n\000\040\000e\000t\000\040\000c\000o\000n\000t\000e\000x\000t\000e}{}% 1
\BOOKMARK [2][-]{subsection.1.1}{\376\377\000L\000a\000\040\000S\000e\000c\000t\000i\000o\000n\000\040\000E\000f\000f\000i\000c\000a\000c\000e\000\040\000R\000a\000d\000a\000r\000\040\000:\000\040\000d\000\351\000f\000i\000n\000i\000t\000i\000o\000n\000\040\000e\000t\000\040\000e\000n\000j\000e\000u\000x}{section.1}% 2
\BOOKMARK [2][-]{subsection.1.2}{\376\377\000\311\000t\000a\000t\000\040\000d\000e\000\040\000l\000'\000a\000r\000t}{section.1}% 3
\BOOKMARK [2][-]{subsection.1.3}{\376\377\000C\000o\000n\000t\000r\000i\000b\000u\000t\000i\000o\000n\000s\000\040\000d\000e\000\040\000c\000e\000\040\000t\000r\000a\000v\000a\000i\000l}{section.1}% 4
\BOOKMARK [2][-]{subsection.1.4}{\376\377\000P\000l\000a\000n\000\040\000d\000u\000\040\000r\000a\000p\000p\000o\000r\000t}{section.1}% 5
\BOOKMARK [1][-]{section.2}{\376\377\000F\000o\000n\000d\000e\000m\000e\000n\000t\000s\000\040\000t\000h\000\351\000o\000r\000i\000q\000u\000e\000s}{}% 6
\BOOKMARK [2][-]{subsection.2.1}{\376\377\000\311\000l\000e\000c\000t\000r\000o\000m\000a\000g\000n\000\351\000t\000i\000s\000m\000e\000\040\000c\000l\000a\000s\000s\000i\000q\000u\000e\000\040\000:\000\040\000\351\000q\000u\000a\000t\000i\000o\000n\000s\000\040\000d\000e\000\040\000M\000a\000x\000w\000e\000l\000l}{section.2}% 7
\BOOKMARK [2][-]{subsection.2.2}{\376\377\000P\000o\000l\000a\000r\000i\000s\000a\000t\000i\000o\000n\000\040\000T\000M\000z\000\040\000e\000n\000\040\0002\000D}{section.2}% 8
\BOOKMARK [2][-]{subsection.2.3}{\376\377\000D\000i\000s\000c\000r\000\351\000t\000i\000s\000a\000t\000i\000o\000n\000\040\000d\000e\000\040\000Y\000e\000e\000\040\000:\000\040\000d\000\351\000r\000i\000v\000a\000t\000i\000o\000n\000\040\000c\000o\000m\000p\000l\000\350\000t\000e}{section.2}% 9
\BOOKMARK [3][-]{subsubsection.2.3.1}{\376\377\000G\000r\000i\000l\000l\000e\000\040\000d\000e\000\040\000Y\000e\000e\000\040\000s\000t\000a\000g\000g\000e\000r\000\351\000e}{subsection.2.3}% 10
\BOOKMARK [3][-]{subsubsection.2.3.2}{\376\377\000D\000\351\000r\000i\000v\000a\000t\000i\000o\000n\000\040\000d\000e\000s\000\040\000\351\000q\000u\000a\000t\000i\000o\000n\000s\000\040\000d\000e\000\040\000m\000i\000s\000e\000\040\000\340\000\040\000j\000o\000u\000r}{subsection.2.3}% 11
\BOOKMARK [3][-]{subsubsection.2.3.3}{\376\377\000A\000l\000g\000o\000r\000i\000t\000h\000m\000e\000\040\000l\000e\000a\000p\000f\000r\000o\000g}{subsection.2.3}% 12
\BOOKMARK [3][-]{subsubsection.2.3.4}{\376\377\000C\000o\000m\000p\000l\000e\000x\000i\000t\000\351\000\040\000c\000o\000m\000p\000u\000t\000a\000t\000i\000o\000n\000n\000e\000l\000l\000e}{subsection.2.3}% 13
\BOOKMARK [2][-]{subsection.2.4}{\376\377\000S\000t\000a\000b\000i\000l\000i\000t\000\351\000\040\000n\000u\000m\000\351\000r\000i\000q\000u\000e\000\040\000:\000\040\000c\000o\000n\000d\000i\000t\000i\000o\000n\000\040\000C\000F\000L}{section.2}% 14
\BOOKMARK [2][-]{subsection.2.5}{\376\377\000C\000o\000u\000c\000h\000e\000\040\000a\000b\000s\000o\000r\000b\000a\000n\000t\000e\000\040\000C\000P\000M\000L}{section.2}% 15
\BOOKMARK [3][-]{subsubsection.2.5.1}{\376\377\000P\000r\000i\000n\000c\000i\000p\000e}{subsection.2.5}% 16
\BOOKMARK [3][-]{subsubsection.2.5.2}{\376\377\000P\000r\000o\000f\000i\000l\000\040\000d\000e\000\040\000c\000o\000n\000d\000u\000c\000t\000i\000v\000i\000t\000\351}{subsection.2.5}% 17
\BOOKMARK [3][-]{subsubsection.2.5.3}{\376\377\000C\000o\000e\000f\000f\000i\000c\000i\000e\000n\000t\000s\000\040\000C\000P\000M\000L\000\040\000e\000t\000\040\000c\000h\000a\000m\000p\000s\000\040\000a\000u\000x\000i\000l\000i\000a\000i\000r\000e\000s}{subsection.2.5}% 18
\BOOKMARK [2][-]{subsection.2.6}{\376\377\000S\000o\000u\000r\000c\000e\000\040\000p\000a\000r\000\040\000t\000e\000c\000h\000n\000i\000q\000u\000e\000\040\000T\000F\000S\000F}{section.2}% 19
\BOOKMARK [2][-]{subsection.2.7}{\376\377\000S\000o\000u\000r\000c\000e\000\040\000R\000i\000c\000k\000e\000r}{section.2}% 20
\BOOKMARK [2][-]{subsection.2.8}{\376\377\000T\000r\000a\000n\000s\000f\000o\000r\000m\000a\000t\000i\000o\000n\000\040\000c\000h\000a\000m\000p\000\040\000p\000r\000o\000c\000h\000e\040\023\000c\000h\000a\000m\000p\000\040\000l\000o\000i\000n\000t\000a\000i\000n\000\040\000\050\000N\000T\000F\000F\000\051}{section.2}% 21
\BOOKMARK [3][-]{subsubsection.2.8.1}{\376\377\000A\000c\000c\000u\000m\000u\000l\000a\000t\000i\000o\000n\000\040\000D\000F\000T}{subsection.2.8}% 22
\BOOKMARK [3][-]{subsubsection.2.8.2}{\376\377\000C\000a\000l\000c\000u\000l\000\040\000d\000u\000\040\000c\000h\000a\000m\000p\000\040\000l\000o\000i\000n\000t\000a\000i\000n}{subsection.2.8}% 23
\BOOKMARK [3][-]{subsubsection.2.8.3}{\376\377\000S\000E\000R\000\040\000m\000o\000n\000o\000s\000t\000a\000t\000i\000q\000u\000e\000\040\0002\000D}{subsection.2.8}% 24
\BOOKMARK [3][-]{subsubsection.2.8.4}{\376\377\000R\000\351\000f\000\351\000r\000e\000n\000c\000e\000\040\000a\000n\000a\000l\000y\000t\000i\000q\000u\000e\000\040\000\050\000O\000p\000t\000i\000q\000u\000e\000\040\000P\000h\000y\000s\000i\000q\000u\000e\000\051}{subsection.2.8}% 25
\BOOKMARK [2][-]{subsection.2.9}{\376\377\000A\000l\000g\000o\000r\000i\000t\000h\000m\000e\000\040\000g\000\351\000n\000\351\000t\000i\000q\000u\000e\000\040\000\050\000A\000G\000\051}{section.2}% 26
\BOOKMARK [3][-]{subsubsection.2.9.1}{\376\377\000E\000n\000c\000o\000d\000a\000g\000e\000\040\000c\000h\000r\000o\000m\000o\000s\000o\000m\000i\000q\000u\000e\000\040\000e\000t\000\040\000e\000s\000p\000a\000c\000e\000\040\000d\000e\000\040\000r\000e\000c\000h\000e\000r\000c\000h\000e}{subsection.2.9}% 27
\BOOKMARK [3][-]{subsubsection.2.9.2}{\376\377\000I\000n\000i\000t\000i\000a\000l\000i\000s\000a\000t\000i\000o\000n\000\040\000:\000\040\000L\000a\000t\000i\000n\000\040\000H\000y\000p\000e\000r\000c\000u\000b\000e\000\040\000S\000a\000m\000p\000l\000i\000n\000g\000\040\000\050\000L\000H\000S\000\051}{subsection.2.9}% 28
\BOOKMARK [3][-]{subsubsection.2.9.3}{\376\377\000S\000\351\000l\000e\000c\000t\000i\000o\000n\000\040\000p\000a\000r\000\040\000t\000o\000u\000r\000n\000o\000i}{subsection.2.9}% 29
\BOOKMARK [3][-]{subsubsection.2.9.4}{\376\377\000C\000r\000o\000i\000s\000e\000m\000e\000n\000t\000\040\000S\000B\000X\000\040\000\050\000S\000i\000m\000u\000l\000a\000t\000e\000d\000\040\000B\000i\000n\000a\000r\000y\000\040\000C\000r\000o\000s\000s\000o\000v\000e\000r\000\051}{subsection.2.9}% 30
\BOOKMARK [3][-]{subsubsection.2.9.5}{\376\377\000M\000u\000t\000a\000t\000i\000o\000n\000\040\000p\000o\000l\000y\000n\000o\000m\000i\000a\000l\000e}{subsection.2.9}% 31
\BOOKMARK [3][-]{subsubsection.2.9.6}{\376\377\000A\000d\000a\000p\000t\000a\000t\000i\000o\000n\000\040\000:\000\040\000r\000\350\000g\000l\000e\000\040\000d\000u\000\040\0001\0005\000\040\000d\000e\000\040\000R\000e\000c\000h\000e\000n\000b\000e\000r\000g}{subsection.2.9}% 32
\BOOKMARK [3][-]{subsubsection.2.9.7}{\376\377\000\311\000l\000i\000t\000i\000s\000m\000e\000\040\000e\000t\000\040\000H\000a\000l\000l\000\040\000o\000f\000\040\000F\000a\000m\000e}{subsection.2.9}% 33
\BOOKMARK [3][-]{subsubsection.2.9.8}{\376\377\000D\000i\000v\000e\000r\000s\000i\000t\000\351\000\040\000e\000t\000\040\000r\000e\000l\000a\000n\000c\000e\000\040\000\050\000r\000e\000s\000t\000a\000r\000t\000\051}{subsection.2.9}% 34
\BOOKMARK [2][-]{subsection.2.10}{\376\377\000C\000M\000A\000-\000E\000S\000\040\000:\000\040\000A\000d\000a\000p\000t\000a\000t\000i\000o\000n\000\040\000d\000e\000\040\000l\000a\000\040\000M\000a\000t\000r\000i\000c\000e\000\040\000d\000e\000\040\000C\000o\000v\000a\000r\000i\000a\000n\000c\000e}{section.2}% 35
\BOOKMARK [2][-]{subsection.2.11}{\376\377\000R\000E\000I\000N\000F\000O\000R\000C\000E\000\040\000:\000\040\000g\000r\000a\000d\000i\000e\000n\000t\000\040\000d\000e\000\040\000p\000o\000l\000i\000t\000i\000q\000u\000e}{section.2}% 36
\BOOKMARK [3][-]{subsubsection.2.11.1}{\376\377\000F\000o\000r\000m\000a\000l\000i\000s\000a\000t\000i\000o\000n\000\040\000d\000u\000\040\000p\000r\000o\000b\000l\000\350\000m\000e\000\040\000d\000'\000o\000p\000t\000i\000m\000i\000s\000a\000t\000i\000o\000n\000\040\000E\000M\000\040\000c\000o\000m\000m\000e\000\040\000M\000D\000P}{subsection.2.11}% 37
\BOOKMARK [3][-]{subsubsection.2.11.2}{\376\377\000P\000o\000l\000i\000c\000y\000\040\000g\000r\000a\000d\000i\000e\000n\000t\000\040\000t\000h\000e\000o\000r\000e\000m}{subsection.2.11}% 38
\BOOKMARK [3][-]{subsubsection.2.11.3}{\376\377\000R\000\351\000d\000u\000c\000t\000i\000o\000n\000\040\000d\000e\000\040\000v\000a\000r\000i\000a\000n\000c\000e\000\040\000p\000a\000r\000\040\000b\000a\000s\000e\000l\000i\000n\000e}{subsection.2.11}% 39
\BOOKMARK [3][-]{subsubsection.2.11.4}{\376\377\000M\000i\000s\000e\000\040\000\340\000\040\000j\000o\000u\000r\000\040\000d\000e\000\040\000p\000o\000l\000i\000t\000i\000q\000u\000e}{subsection.2.11}% 40
\BOOKMARK [1][-]{section.3}{\376\377\000M\000\351\000t\000h\000o\000d\000o\000l\000o\000g\000i\000e}{}% 41
\BOOKMARK [2][-]{subsection.3.1}{\376\377\000E\000s\000p\000a\000c\000e\000\040\000d\000e\000\040\000c\000o\000n\000c\000e\000p\000t\000i\000o\000n\000\040\000:\000\040\000p\000a\000r\000a\000m\000\351\000t\000r\000a\000g\000e\000\040\000d\000u\000\040\000p\000r\000o\000f\000i\000l\000\040\000d\000e\000\040\000m\000u\000r}{section.3}% 42
\BOOKMARK [2][-]{subsection.3.2}{\376\377\000F\000o\000n\000c\000t\000i\000o\000n\000\040\000o\000b\000j\000e\000c\000t\000i\000f}{section.3}% 43
\BOOKMARK [2][-]{subsection.3.3}{\376\377\000P\000i\000p\000e\000l\000i\000n\000e\000\040\000d\000'\000o\000p\000t\000i\000m\000i\000s\000a\000t\000i\000o\000n}{section.3}% 44
\BOOKMARK [1][-]{section.4}{\376\377\000I\000m\000p\000l\000\351\000m\000e\000n\000t\000a\000t\000i\000o\000n}{}% 45
\BOOKMARK [2][-]{subsection.4.1}{\376\377\000A\000r\000c\000h\000i\000t\000e\000c\000t\000u\000r\000e\000\040\000l\000o\000g\000i\000c\000i\000e\000l\000l\000e}{section.4}% 46
\BOOKMARK [2][-]{subsection.4.2}{\376\377\000P\000a\000r\000a\000m\000\350\000t\000r\000e\000s\000\040\000d\000e\000\040\000s\000i\000m\000u\000l\000a\000t\000i\000o\000n\000\040\000F\000D\000T\000D}{section.4}% 47
\BOOKMARK [2][-]{subsection.4.3}{\376\377\000P\000a\000r\000a\000m\000\350\000t\000r\000e\000s\000\040\000d\000e\000\040\000l\000'\000a\000l\000g\000o\000r\000i\000t\000h\000m\000e\000\040\000g\000\351\000n\000\351\000t\000i\000q\000u\000e}{section.4}% 48
\BOOKMARK [2][-]{subsection.4.4}{\376\377\000P\000a\000r\000a\000m\000\350\000t\000r\000e\000s\000\040\000C\000M\000A\000-\000E\000S\000\040\000e\000t\000\040\000R\000E\000I\000N\000F\000O\000R\000C\000E}{section.4}% 49
\BOOKMARK [2][-]{subsection.4.5}{\376\377\000E\000x\000t\000r\000a\000i\000t\000\040\000d\000'\000i\000m\000p\000l\000\351\000m\000e\000n\000t\000a\000t\000i\000o\000n\000\040\000c\000o\000m\000m\000e\000n\000t\000\351}{section.4}% 50
\BOOKMARK [2][-]{subsection.4.6}{\376\377\000V\000a\000l\000i\000d\000a\000t\000i\000o\000n\000\040\000n\000u\000m\000\351\000r\000i\000q\000u\000e}{section.4}% 51
\BOOKMARK [1][-]{section.5}{\376\377\000R\000\351\000s\000u\000l\000t\000a\000t\000s}{}% 52
\BOOKMARK [2][-]{subsection.5.1}{\376\377\000R\000\351\000f\000\351\000r\000e\000n\000c\000e\000\040\000:\000\040\000m\000u\000r\000\040\000p\000l\000a\000t}{section.5}% 53
\BOOKMARK [3][-]{subsubsection.5.1.1}{\376\377\000C\000o\000m\000p\000a\000r\000a\000i\000s\000o\000n\000\040\000a\000v\000e\000c\000\040\000l\000a\000\040\000r\000\351\000f\000\351\000r\000e\000n\000c\000e\000\040\000a\000n\000a\000l\000y\000t\000i\000q\000u\000e}{subsection.5.1}% 54
\BOOKMARK [2][-]{subsection.5.2}{\376\377\000C\000o\000n\000v\000e\000r\000g\000e\000n\000c\000e\000\040\000d\000u\000\040\000G\000A}{section.5}% 55
\BOOKMARK [2][-]{subsection.5.3}{\376\377\000P\000r\000o\000f\000i\000l\000\040\000d\000e\000\040\000m\000u\000r\000\040\000o\000p\000t\000i\000m\000a\000l}{section.5}% 56
\BOOKMARK [2][-]{subsection.5.4}{\376\377\000R\000\351\000d\000u\000c\000t\000i\000o\000n\000\040\000d\000e\000\040\000S\000E\000R\000\040\000:\000\040\000r\000\351\000s\000u\000l\000t\000a\000t\000s\000\040\000q\000u\000a\000n\000t\000i\000t\000a\000t\000i\000f\000s}{section.5}% 57
\BOOKMARK [2][-]{subsection.5.5}{\376\377\000A\000n\000a\000l\000y\000s\000e\000\040\000d\000e\000\040\000s\000e\000n\000s\000i\000b\000i\000l\000i\000t\000\351}{section.5}% 58
\BOOKMARK [2][-]{subsection.5.6}{\376\377\000V\000a\000l\000i\000d\000a\000t\000i\000o\000n\000\040\000:\000\040\000S\000E\000R\000\040\000b\000i\000s\000t\000a\000t\000i\000q\000u\000e}{section.5}% 59
\BOOKMARK [1][-]{section.6}{\376\377\000D\000i\000s\000c\000u\000s\000s\000i\000o\000n}{}% 60
\BOOKMARK [2][-]{subsection.6.1}{\376\377\000I\000n\000t\000e\000r\000p\000r\000\351\000t\000a\000t\000i\000o\000n\000\040\000p\000h\000y\000s\000i\000q\000u\000e\000\040\000d\000u\000\040\000p\000r\000o\000f\000i\000l\000\040\000o\000p\000t\000i\000m\000a\000l}{section.6}% 61
\BOOKMARK [2][-]{subsection.6.2}{\376\377\000C\000o\000m\000p\000a\000r\000a\000i\000s\000o\000n\000\040\000d\000e\000s\000\040\000m\000\351\000t\000h\000o\000d\000e\000s\000\040\000d\000'\000o\000p\000t\000i\000m\000i\000s\000a\000t\000i\000o\000n}{section.6}% 62
\BOOKMARK [2][-]{subsection.6.3}{\376\377\000L\000i\000m\000i\000t\000e\000s\000\040\000e\000t\000\040\000h\000y\000p\000o\000t\000h\000\350\000s\000e\000s}{section.6}% 63
\BOOKMARK [2][-]{subsection.6.4}{\376\377\000P\000e\000r\000s\000p\000e\000c\000t\000i\000v\000e\000s}{section.6}% 64
\BOOKMARK [1][-]{section.7}{\376\377\000C\000o\000n\000c\000l\000u\000s\000i\000o\000n}{}% 65
\BOOKMARK [1][-]{appendix.A}{\376\377\000D\000\351\000r\000i\000v\000a\000t\000i\000o\000n\000\040\000c\000o\000m\000p\000l\000\350\000t\000e\000\040\000d\000e\000s\000\040\000\351\000q\000u\000a\000t\000i\000o\000n\000s\000\040\000d\000e\000\040\000Y\000e\000e}{}% 66
\BOOKMARK [1][-]{appendix.B}{\376\377\000P\000a\000r\000a\000m\000\350\000t\000r\000e\000s\000\040\000C\000P\000M\000L\000\040\000d\000\351\000t\000a\000i\000l\000l\000\351\000s}{}% 67
\BOOKMARK [1][-]{appendix.C}{\376\377\000E\000x\000t\000r\000a\000i\000t\000s\000\040\000d\000e\000\040\000c\000o\000d\000e\000\040\000c\000o\000m\000m\000e\000n\000t\000\351\000s}{}% 68
