\BOOKMARK [1][-]{section.1}{\376\377\000I\000n\000t\000r\000o\000d\000u\000c\000t\000i\000o\000n\000\040\000e\000t\000\040\000c\000o\000n\000t\000e\000x\000t\000e\000\040\000p\000h\000y\000s\000i\000q\000u\000e}{}% 1
\BOOKMARK [2][-]{subsection.1.1}{\376\377\000M\000o\000t\000i\000v\000a\000t\000i\000o\000n\000\040\000:\000\040\000l\000a\000\040\000f\000u\000r\000t\000i\000v\000i\000t\000\351\000\040\000r\000a\000d\000a\000r}{section.1}% 2
\BOOKMARK [2][-]{subsection.1.2}{\376\377\000G\000r\000a\000n\000d\000e\000u\000r\000s\000\040\000c\000a\000r\000a\000c\000t\000\351\000r\000i\000s\000t\000i\000q\000u\000e\000s\000\040\000d\000u\000\040\000p\000r\000o\000b\000l\000\350\000m\000e}{section.1}% 3
\BOOKMARK [1][-]{section.2}{\376\377\000M\000o\000d\000\351\000l\000i\000s\000a\000t\000i\000o\000n\000\040\000\351\000l\000e\000c\000t\000r\000o\000m\000a\000g\000n\000\351\000t\000i\000q\000u\000e\000\040\040\024\000\040\000\311\000q\000u\000a\000t\000i\000o\000n\000s\000\040\000d\000e\000\040\000M\000a\000x\000w\000e\000l\000l}{}% 4
\BOOKMARK [2][-]{subsection.2.1}{\376\377\000\311\000q\000u\000a\000t\000i\000o\000n\000s\000\040\000d\000e\000\040\000M\000a\000x\000w\000e\000l\000l\000\040\000e\000n\000\040\000m\000i\000l\000i\000e\000u\000\040\000l\000i\000n\000\351\000a\000i\000r\000e}{section.2}% 5
\BOOKMARK [2][-]{subsection.2.2}{\376\377\000R\000\351\000d\000u\000c\000t\000i\000o\000n\000\040\000e\000n\000\040\000p\000o\000l\000a\000r\000i\000s\000a\000t\000i\000o\000n\000\040\000T\000M\000z}{section.2}% 6
\BOOKMARK [2][-]{subsection.2.3}{\376\377\000C\000o\000n\000d\000u\000c\000t\000e\000u\000r\000\040\000p\000a\000r\000f\000a\000i\000t\000\040\000\351\000l\000e\000c\000t\000r\000i\000q\000u\000e\000\040\000\050\000P\000E\000C\000\051}{section.2}% 7
\BOOKMARK [1][-]{section.3}{\376\377\000M\000\351\000t\000h\000o\000d\000e\000\040\000F\000D\000T\000D\000\040\040\024\000\040\000D\000i\000s\000c\000r\000\351\000t\000i\000s\000a\000t\000i\000o\000n\000\040\000d\000e\000\040\000Y\000e\000e}{}% 8
\BOOKMARK [2][-]{subsection.3.1}{\376\377\000G\000r\000i\000l\000l\000e\000\040\000d\000e\000\040\000Y\000e\000e}{section.3}% 9
\BOOKMARK [2][-]{subsection.3.2}{\376\377\000S\000c\000h\000\351\000m\000a\000\040\000l\000e\000a\000p\000f\000r\000o\000g\000\040\040\024\000\040\000\351\000q\000u\000a\000t\000i\000o\000n\000s\000\040\000d\000e\000\040\000m\000i\000s\000e\000\040\000\340\000\040\000j\000o\000u\000r}{section.3}% 10
\BOOKMARK [2][-]{subsection.3.3}{\376\377\000S\000t\000a\000b\000i\000l\000i\000t\000\351\000\040\040\024\000\040\000C\000r\000i\000t\000\350\000r\000e\000\040\000d\000e\000\040\000C\000o\000u\000r\000a\000n\000t\040\023\000F\000r\000i\000e\000d\000r\000i\000c\000h\000s\040\023\000L\000e\000w\000y}{section.3}% 11
\BOOKMARK [2][-]{subsection.3.4}{\376\377\000S\000o\000u\000r\000c\000e\000\040\000d\000e\000\040\000R\000i\000c\000k\000e\000r}{section.3}% 12
\BOOKMARK [1][-]{section.4}{\376\377\000I\000n\000j\000e\000c\000t\000i\000o\000n\000\040\000d\000e\000\040\000l\000a\000\040\000s\000o\000u\000r\000c\000e\000\040\040\024\000\040\000T\000e\000c\000h\000n\000i\000q\000u\000e\000\040\000T\000F\000S\000F}{}% 13
\BOOKMARK [2][-]{subsection.4.1}{\376\377\000P\000r\000i\000n\000c\000i\000p\000e}{section.4}% 14
\BOOKMARK [2][-]{subsection.4.2}{\376\377\000C\000o\000r\000r\000e\000c\000t\000i\000o\000n\000s\000\040\000\340\000\040\000l\000a\000\040\000f\000r\000o\000n\000t\000i\000\350\000r\000e\000\040\000T\000F\000S\000F}{section.4}% 15
\BOOKMARK [2][-]{subsection.4.3}{\376\377\000C\000a\000l\000c\000u\000l\000\040\000d\000e\000\040\000l\000a\000\040\000S\000E\000R}{section.4}% 16
\BOOKMARK [1][-]{section.5}{\376\377\000C\000o\000u\000c\000h\000e\000\040\000a\000b\000s\000o\000r\000b\000a\000n\000t\000e\000\040\040\024\000\040\000C\000P\000M\000L}{}% 17
\BOOKMARK [2][-]{subsection.5.1}{\376\377\000P\000r\000i\000n\000c\000i\000p\000e\000\040\000d\000e\000\040\000l\000a\000\040\000P\000M\000L\000\040\000d\000e\000\040\000B\000\351\000r\000e\000n\000g\000e\000r}{section.5}% 18
\BOOKMARK [2][-]{subsection.5.2}{\376\377\000F\000o\000r\000m\000u\000l\000a\000t\000i\000o\000n\000\040\000C\000P\000M\000L}{section.5}% 19
\BOOKMARK [1][-]{section.6}{\376\377\000T\000r\000a\000n\000s\000f\000o\000r\000m\000a\000t\000i\000o\000n\000\040\000c\000h\000a\000m\000p\000\040\000p\000r\000o\000c\000h\000e\000\040\040\023\000\040\000c\000h\000a\000m\000p\000\040\000l\000o\000i\000n\000t\000a\000i\000n\000\040\000\050\000N\000T\000F\000F\000\051}{}% 20
\BOOKMARK [2][-]{subsection.6.1}{\376\377\000D\000F\000T\000\040\000r\000u\000n\000n\000i\000n\000g}{section.6}% 21
\BOOKMARK [2][-]{subsection.6.2}{\376\377\000T\000h\000\351\000o\000r\000\350\000m\000e\000\040\000d\000e\000\040\000r\000\351\000c\000i\000p\000r\000o\000c\000i\000t\000\351\000\040\000e\000t\000\040\000p\000o\000t\000e\000n\000t\000i\000e\000l\000s\000\040\000d\000e\000\040\000H\000u\000y\000g\000e\000n\000s}{section.6}% 22
\BOOKMARK [2][-]{subsection.6.3}{\376\377\000M\000\351\000t\000r\000i\000q\000u\000e\000\040\000d\000e\000\040\000f\000i\000t\000n\000e\000s\000s}{section.6}% 23
\BOOKMARK [1][-]{section.7}{\376\377\000P\000a\000r\000a\000m\000\351\000t\000r\000i\000s\000a\000t\000i\000o\000n\000\040\000d\000u\000\040\000m\000u\000r}{}% 24
\BOOKMARK [2][-]{subsection.7.1}{\376\377\000R\000e\000p\000r\000\351\000s\000e\000n\000t\000a\000t\000i\000o\000n\000\040\000p\000a\000r\000\040\000s\000e\000g\000m\000e\000n\000t\000s\000\040\000d\000e\000\040\000c\000o\000n\000t\000r\000\364\000l\000e}{section.7}% 25
\BOOKMARK [1][-]{section.8}{\376\377\000A\000l\000g\000o\000r\000i\000t\000h\000m\000e\000\040\000G\000\351\000n\000\351\000t\000i\000q\000u\000e}{}% 26
\BOOKMARK [2][-]{subsection.8.1}{\376\377\000F\000o\000r\000m\000u\000l\000a\000t\000i\000o\000n\000\040\000g\000\351\000n\000\351\000r\000a\000l\000e}{section.8}% 27
\BOOKMARK [2][-]{subsection.8.2}{\376\377\000I\000n\000i\000t\000i\000a\000l\000i\000s\000a\000t\000i\000o\000n\000\040\000p\000a\000r\000\040\000L\000a\000t\000i\000n\000\040\000H\000y\000p\000e\000r\000c\000u\000b\000e\000\040\000S\000a\000m\000p\000l\000i\000n\000g}{section.8}% 28
\BOOKMARK [2][-]{subsection.8.3}{\376\377\000S\000\351\000l\000e\000c\000t\000i\000o\000n\000\040\000p\000a\000r\000\040\000t\000o\000u\000r\000n\000o\000i}{section.8}% 29
\BOOKMARK [2][-]{subsection.8.4}{\376\377\000C\000r\000o\000i\000s\000e\000m\000e\000n\000t\000\040\000S\000B\000X}{section.8}% 30
\BOOKMARK [2][-]{subsection.8.5}{\376\377\000M\000u\000t\000a\000t\000i\000o\000n\000\040\000p\000o\000l\000y\000n\000o\000m\000i\000a\000l\000e}{section.8}% 31
\BOOKMARK [2][-]{subsection.8.6}{\376\377\000R\000\350\000g\000l\000e\000\040\000d\000u\000\040\0001\000/\0005\000\040\000d\000e\000\040\000R\000e\000c\000h\000e\000n\000b\000e\000r\000g\000\040\040\024\000\040\000a\000d\000a\000p\000t\000a\000t\000i\000o\000n\000\040\000d\000e\000\040\000m}{section.8}% 32
\BOOKMARK [2][-]{subsection.8.7}{\376\377\000\311\000l\000i\000t\000i\000s\000m\000e\000\040\000e\000t\000\040\000H\000a\000l\000l\000\040\000o\000f\000\040\000F\000a\000m\000e}{section.8}% 33
\BOOKMARK [2][-]{subsection.8.8}{\376\377\000D\000\351\000t\000e\000c\000t\000i\000o\000n\000\040\000d\000e\000\040\000s\000t\000a\000g\000n\000a\000t\000i\000o\000n\000\040\000e\000t\000\040\000r\000e\000d\000\351\000m\000a\000r\000r\000a\000g\000e\000\040\000a\000d\000a\000p\000t\000a\000t\000i\000f}{section.8}% 34
\BOOKMARK [1][-]{section.9}{\376\377\000\311\000t\000u\000d\000e\000\040\000d\000e\000\040\000c\000o\000n\000v\000e\000r\000g\000e\000n\000c\000e\000\040\000n\000u\000m\000\351\000r\000i\000q\000u\000e}{}% 35
\BOOKMARK [2][-]{subsection.9.1}{\376\377\000C\000o\000n\000v\000e\000r\000g\000e\000n\000c\000e\000\040\000e\000n\000\040\000r\000\351\000s\000o\000l\000u\000t\000i\000o\000n\000\040\000s\000p\000a\000t\000i\000a\000l\000e}{section.9}% 36
\BOOKMARK [2][-]{subsection.9.2}{\376\377\000C\000o\000n\000v\000e\000r\000g\000e\000n\000c\000e\000\040\000e\000n\000\040\000\351\000p\000a\000i\000s\000s\000e\000u\000r\000\040\000d\000e\000\040\000P\000M\000L}{section.9}% 37
\BOOKMARK [1][-]{section.10}{\376\377\000R\000\351\000s\000u\000l\000t\000a\000t\000s\000\040\000e\000t\000\040\000d\000i\000s\000c\000u\000s\000s\000i\000o\000n}{}% 38
\BOOKMARK [2][-]{subsection.10.1}{\376\377\000R\000\351\000s\000u\000l\000t\000a\000t\000s\000\040\000d\000e\000\040\000l\000'\000o\000p\000t\000i\000m\000i\000s\000a\000t\000i\000o\000n\000\040\000G\000A}{section.10}% 39
\BOOKMARK [2][-]{subsection.10.2}{\376\377\000N\000a\000t\000u\000r\000e\000\040\000d\000u\000\040\000p\000r\000o\000f\000i\000l\000\040\000o\000p\000t\000i\000m\000a\000l}{section.10}% 40
\BOOKMARK [2][-]{subsection.10.3}{\376\377\000C\000o\000m\000p\000a\000r\000a\000i\000s\000o\000n\000\040\000s\000i\000m\000u\000l\000a\000t\000i\000o\000n\000/\000e\000x\000p\000\351\000r\000i\000e\000n\000c\000e}{section.10}% 41
\BOOKMARK [1][-]{section.11}{\376\377\000C\000o\000n\000c\000l\000u\000s\000i\000o\000n}{}% 42
\BOOKMARK [1][-]{section*.4}{\376\377\000R\000\351\000f\000\351\000r\000e\000n\000c\000e\000s}{}% 43
